Builds/GoogleGlassUnityTest/build/outputs/logs/manifest-merger-debug-report.txt
-- Merging decision tree log ---
manifest
ADDED from src\main\AndroidManifest.xml:2:1-26:12
INJECTED from src\main\AndroidManifest.xml:2:1-26:12
INJECTED from src\main\AndroidManifest.xml:2:1-26:12
INJECTED from src\main\AndroidManifest.xml:2:1-26:12
INJECTED from src\main\AndroidManifest.xml:2:1-26:12
INJECTED from src\main\AndroidManifest.xml:2:1-26:12
INJECTED from src\main\AndroidManifest.xml:2:1-26:12
	package
		ADDED from src\main\AndroidManifest.xml:2:70-97
		INJECTED from src\main\AndroidManifest.xml
		INJECTED from src\main\AndroidManifest.xml
	android:versionName
		INJECTED from src\main\AndroidManifest.xml
		ADDED from src\main\AndroidManifest.xml:2:1-26:12
		INJECTED from src\main\AndroidManifest.xml
	xmlns:tools
		ADDED from src\main\AndroidManifest.xml:2:98-144
	android:versionCode
		INJECTED from src\main\AndroidManifest.xml
		ADDED from src\main\AndroidManifest.xml:2:1-26:12
		INJECTED from src\main\AndroidManifest.xml
	xmlns:android
		ADDED from src\main\AndroidManifest.xml:2:11-69
	android:installLocation
		ADDED from src\main\AndroidManifest.xml:2:145-185
supports-screens
ADDED from src\main\AndroidManifest.xml:3:3-163
	android:largeScreens
		ADDED from src\main\AndroidManifest.xml:3:78-105
	android:smallScreens
		ADDED from src\main\AndroidManifest.xml:3:21-48
	android:normalScreens
		ADDED from src\main\AndroidManifest.xml:3:49-77
	android:xlargeScreens
		ADDED from src\main\AndroidManifest.xml:3:106-134
	android:anyDensity
		ADDED from src\main\AndroidManifest.xml:3:135-160
application
ADDED from src\main\AndroidManifest.xml:4:3-19:17
	android:label
		ADDED from src\main\AndroidManifest.xml:4:90-122
	android:icon
		ADDED from src\main\AndroidManifest.xml:4:58-89
	android:theme
		ADDED from src\main\AndroidManifest.xml:4:16-57
activity#com.KBR.GlassTest.UnityPlayerActivity
ADDED from src\main\AndroidManifest.xml:5:5-14:16
	android:screenOrientation
		ADDED from src\main\AndroidManifest.xml:5:101-139
	android:label
		ADDED from src\main\AndroidManifest.xml:5:15-47
	android:launchMode
		ADDED from src\main\AndroidManifest.xml:5:140-171
	android:hardwareAccelerated
		ADDED from src\main\AndroidManifest.xml:5:354-389
	android:configChanges
		ADDED from src\main\AndroidManifest.xml:5:172-353
	android:name
		ADDED from src\main\AndroidManifest.xml:5:48-100
intent-filter#action:name:android.intent.action.MAIN+category:name:android.intent.category.LAUNCHER+category:name:com.google.android.glass.category.DIRECTORY
ADDED from src\main\AndroidManifest.xml:6:7-10:23
action#android.intent.action.MAIN
ADDED from src\main\AndroidManifest.xml:7:9-61
	android:name
		ADDED from src\main\AndroidManifest.xml:7:17-58
category#android.intent.category.LAUNCHER
ADDED from src\main\AndroidManifest.xml:8:9-69
	android:name
		ADDED from src\main\AndroidManifest.xml:8:19-66
category#com.google.android.glass.category.DIRECTORY
ADDED from src\main\AndroidManifest.xml:9:9-80
	android:name
		ADDED from src\main\AndroidManifest.xml:9:19-77
meta-data#unityplayer.UnityActivity
ADDED from src\main\AndroidManifest.xml:11:7-82
	android:value
		ADDED from src\main\AndroidManifest.xml:11:59-79
	android:name
		ADDED from src\main\AndroidManifest.xml:11:18-58
meta-data#android.notch_support
ADDED from src\main\AndroidManifest.xml:12:7-78
	android:value
		ADDED from src\main\AndroidManifest.xml:12:55-75
	android:name
		ADDED from src\main\AndroidManifest.xml:12:18-54
meta-data#unity.build-id
ADDED from src\main\AndroidManifest.xml:15:5-101
	android:value
		ADDED from src\main\AndroidManifest.xml:15:46-98
	android:name
		ADDED from src\main\AndroidManifest.xml:15:16-45
meta-data#unity.splash-mode
ADDED from src\main\AndroidManifest.xml:16:5-69
	android:value
		ADDED from src\main\AndroidManifest.xml:16:49-66
	android:name
		ADDED from src\main\AndroidManifest.xml:16:16-48
meta-data#unity.splash-enable
ADDED from src\main\AndroidManifest.xml:17:5-74
	android:value
		ADDED from src\main\AndroidManifest.xml:17:51-71
	android:name
		ADDED from src\main\AndroidManifest.xml:17:16-50
meta-data#notch.config
ADDED from src\main\AndroidManifest.xml:18:5-81
	android:value
		ADDED from src\main\AndroidManifest.xml:18:44-78
	android:name
		ADDED from src\main\AndroidManifest.xml:18:16-43
uses-feature#0x00030000
ADDED from src\main\AndroidManifest.xml:20:3-52
	android:glEsVersion
		ADDED from src\main\AndroidManifest.xml:20:17-49
uses-feature#android.hardware.vulkan
ADDED from src\main\AndroidManifest.xml:21:3-83
	android:required
		ADDED from src\main\AndroidManifest.xml:21:56-80
	android:name
		ADDED from src\main\AndroidManifest.xml:21:17-55
uses-permission#android.permission.INTERNET
ADDED from src\main\AndroidManifest.xml:22:3-65
	android:name
		ADDED from src\main\AndroidManifest.xml:22:20-62
uses-feature#android.hardware.touchscreen
ADDED from src\main\AndroidManifest.xml:23:3-88
	android:required
		ADDED from src\main\AndroidManifest.xml:23:61-85
	android:name
		ADDED from src\main\AndroidManifest.xml:23:17-60
uses-feature#android.hardware.touchscreen.multitouch
ADDED from src\main\AndroidManifest.xml:24:3-99
	android:required
		ADDED from src\main\AndroidManifest.xml:24:72-96
	android:name
		ADDED from src\main\AndroidManifest.xml:24:17-71
uses-feature#android.hardware.touchscreen.multitouch.distinct
ADDED from src\main\AndroidManifest.xml:25:3-108
	android:required
		ADDED from src\main\AndroidManifest.xml:25:81-105
	android:name
		ADDED from src\main\AndroidManifest.xml:25:17-80
uses-sdk
INJECTED from src\main\AndroidManifest.xml reason: use-sdk injection requested
INJECTED from src\main\AndroidManifest.xml
INJECTED from src\main\AndroidManifest.xml
INJECTED from src\main\AndroidManifest.xml
INJECTED from src\main\AndroidManifest.xml
	android:targetSdkVersion
		INJECTED from src\main\AndroidManifest.xml
		ADDED from src\main\AndroidManifest.xml
		INJECTED from src\main\AndroidManifest.xml
	android:minSdkVersion
		INJECTED from src\main\AndroidManifest.xml
		ADDED from src\main\AndroidManifest.xml
		INJECTED from src\main\AndroidManifest.xml